<?xml version="1.0" encoding="UTF-8"?>
<!-- Generated by org.testng.reporters.JUnitReportReporter -->
<testsuite hostname="AKHILA" failures="0" tests="1" name="TestNg.datadriventesting" time="10.499" errors="0" timestamp="2023-06-20T13:16:24 IST" skipped="0">
  <testcase classname="TestNg.datadriventesting" name="All" time="10.499"/>
</testsuite> <!-- TestNg.datadriventesting -->
